Using pre-set license

 COMMAND LINE ARGUMENTS:
/Applications/Unity/Hub/Editor/2020.3.5f1/Unity.app/Contents/MacOS/Unity
-adb2
-batchMode
-noUpm
-name
AssetImportWorker0
-projectPath
/Users/tylerglass/Documents/Work documents/Internship Project/GSNTX_2021_Intern_Code/GSNETX-ARGreenhouse
-logFile
Logs/AssetImportWorker0.log
-srvPort
57804
Successfully changed project path to: /Users/tylerglass/Documents/Work documents/Internship Project/GSNTX_2021_Intern_Code/GSNETX-ARGreenhouse
/Users/tylerglass/Documents/Work documents/Internship Project/GSNTX_2021_Intern_Code/GSNETX-ARGreenhouse
Using Asset Import Pipeline V2.
Refreshing native plugins compatible for Editor in 75.47 ms, found 2 plugins.
Preloading 0 native plugins for Editor in 0.00 ms.
Initialize engine version: 2020.3.5f1 (8095aa901b9b)
[Subsystems] Discovering subsystems at path /Applications/Unity/Hub/Editor/2020.3.5f1/Unity.app/Contents/Resources/UnitySubsystems
[Subsystems] Discovering subsystems at path /Users/tylerglass/Documents/Work documents/Internship Project/GSNTX_2021_Intern_Code/GSNETX-ARGreenhouse/Assets
GfxDevice: creating device client; threaded=0
2021-08-07 15:17:27.865 Unity[87798:3549966] Color LCD preferred device: AMD Radeon Pro 5300M (high power)
2021-08-07 15:17:27.865 Unity[87798:3549966] Metal devices available: 2
2021-08-07 15:17:27.865 Unity[87798:3549966] 0: AMD Radeon Pro 5300M (high power)
2021-08-07 15:17:27.865 Unity[87798:3549966] 1: Intel(R) UHD Graphics 630 (low power)
2021-08-07 15:17:27.865 Unity[87798:3549966] Using device AMD Radeon Pro 5300M (high power)
Initializing Metal device caps: AMD Radeon Pro 5300M
Initialize mono
Mono path[0] = '/Applications/Unity/Hub/Editor/2020.3.5f1/Unity.app/Contents/Managed'
Mono path[1] = '/Applications/Unity/Hub/Editor/2020.3.5f1/Unity.app/Contents/MonoBleedingEdge/lib/mono/unityjit'
Mono config path = '/Applications/Unity/Hub/Editor/2020.3.5f1/Unity.app/Contents/MonoBleedingEdge/etc'
Using monoOptions --debugger-agent=transport=dt_socket,embedding=1,server=y,suspend=n,address=127.0.0.1:56798
Begin MonoManager ReloadAssembly
Registering precompiled unity dll's ...
Register platform support module: /Applications/Unity/Hub/Editor/2020.3.5f1/PlaybackEngines/WebGLSupport/UnityEditor.WebGL.Extensions.dll
Register platform support module: /Applications/Unity/Hub/Editor/2020.3.5f1/Unity.app/Contents/PlaybackEngines/MacStandaloneSupport/UnityEditor.OSXStandalone.Extensions.dll
Register platform support module: /Applications/Unity/Hub/Editor/2020.3.5f1/PlaybackEngines/WindowsStandaloneSupport/UnityEditor.WindowsStandalone.Extensions.dll
Registered in 0.005373 seconds.
Native extension for WindowsStandalone target not found
Native extension for OSXStandalone target not found
Native extension for WebGL target not found
Refreshing native plugins compatible for Editor in 54.24 ms, found 2 plugins.
Preloading 0 native plugins for Editor in 0.00 ms.
Mono: successfully reloaded assembly
- Completed reload, in  3.146 seconds
Platform modules already initialized, skipping
Registering precompiled user dll's ...
Registered in 0.006347 seconds.
Begin MonoManager ReloadAssembly
Native extension for WindowsStandalone target not found
Native extension for OSXStandalone target not found
Native extension for WebGL target not found
Refreshing native plugins compatible for Editor in 53.43 ms, found 2 plugins.
Preloading 0 native plugins for Editor in 0.00 ms.
Mono: successfully reloaded assembly
- Completed reload, in  1.142 seconds
Platform modules already initialized, skipping
========================================================================
Worker process is ready to serve import requests
Launching external process: /Applications/Unity/Hub/Editor/2020.3.5f1/Unity.app/Contents/Tools/UnityShaderCompiler
Launched and connected shader compiler UnityShaderCompiler after 0.01 seconds
Refreshing native plugins compatible for Editor in 0.64 ms, found 2 plugins.
Preloading 0 native plugins for Editor in 0.00 ms.
Unloading 2115 Unused Serialized files (Serialized files now loaded: 0)
System memory in use before: 164.5 MB.
System memory in use after: 164.6 MB.

Unloading 25 unused Assets to reduce memory usage. Loaded Objects now: 2560.
Total: 2.006655 ms (FindLiveObjects: 0.220926 ms CreateObjectMapping: 0.113643 ms MarkObjects: 1.598613 ms  DeleteObjects: 0.072475 ms)

========================================================================
Received Import Request.
  path: Assets/Scenes/AR_Master.unity
  artifactKey: Guid(0cde9f1eaf0eb4a93807cb15dcc78658) Importer(815301076,1909f56bfc062723c751e8b465ee728b)
Start importing Assets/Scenes/AR_Master.unity using Guid(0cde9f1eaf0eb4a93807cb15dcc78658) Importer(815301076,1909f56bfc062723c751e8b465ee728b)  -> (artifact id: '71a84aab2022eda9369d19749f70b5c5') in 0.013944 seconds
  Import took 0.019262 seconds .

========================================================================
Received Prepare
Registering precompiled user dll's ...
Registered in 0.008506 seconds.
Begin MonoManager ReloadAssembly
Native extension for WindowsStandalone target not found
Native extension for OSXStandalone target not found
Native extension for WebGL target not found
Refreshing native plugins compatible for Editor in 0.68 ms, found 2 plugins.
Preloading 0 native plugins for Editor in 0.00 ms.
Mono: successfully reloaded assembly
- Completed reload, in  0.979 seconds
Platform modules already initialized, skipping
Switching build target platform(2) subTarget(0) extendedPlatform(0) -> platform(9) subTarget(16777218) extendedPlatform(0)
Refreshing native plugins compatible for Editor in 0.71 ms, found 2 plugins.
Preloading 0 native plugins for Editor in 0.00 ms.
Unloading 2061 Unused Serialized files (Serialized files now loaded: 0)
System memory in use before: 160.9 MB.
System memory in use after: 161.0 MB.

Unloading 20 unused Assets to reduce memory usage. Loaded Objects now: 2564.
Total: 1.694587 ms (FindLiveObjects: 0.199768 ms CreateObjectMapping: 0.074848 ms MarkObjects: 1.388519 ms  DeleteObjects: 0.030406 ms)

AssetImportParameters requested are different than current active one (requested -> active):
  custom:graphics/normal-map-encoding: 01000000000000000000000000000000 -> 02000000000000000000000000000000
========================================================================
Received Prepare
Refreshing native plugins compatible for Editor in 2.88 ms, found 2 plugins.
Preloading 0 native plugins for Editor in 0.00 ms.
Unloading 17 Unused Serialized files (Serialized files now loaded: 0)
System memory in use before: 120.4 MB.
System memory in use after: 120.5 MB.

Unloading 17 unused Assets to reduce memory usage. Loaded Objects now: 2564.
Total: 2.125963 ms (FindLiveObjects: 0.222014 ms CreateObjectMapping: 0.076440 ms MarkObjects: 1.793522 ms  DeleteObjects: 0.033021 ms)

========================================================================
Received Prepare
Refreshing native plugins compatible for Editor in 10.13 ms, found 2 plugins.
Preloading 0 native plugins for Editor in 0.00 ms.
Unloading 17 Unused Serialized files (Serialized files now loaded: 0)
System memory in use before: 132.7 MB.
System memory in use after: 132.9 MB.

Unloading 17 unused Assets to reduce memory usage. Loaded Objects now: 2564.
Total: 28.197612 ms (FindLiveObjects: 0.564259 ms CreateObjectMapping: 0.079178 ms MarkObjects: 27.462966 ms  DeleteObjects: 0.089840 ms)

